2024-07-28T19:40:11.584Z [error]: The client is closed
2024-07-28T19:45:23.340Z [error]: The client is closed
2024-07-29T07:51:42.325Z [error]: Cast to ObjectId failed for value "null" (type string) at path "userId" for model "Product"
2024-07-29T07:51:43.431Z [error]: Cast to ObjectId failed for value "null" (type string) at path "userId" for model "Product"
2024-07-29T07:53:10.650Z [error]: Cast to ObjectId failed for value "null" (type string) at path "userId" for model "Product"
2024-07-29T07:53:10.941Z [error]: Cast to ObjectId failed for value "null" (type string) at path "userId" for model "Product"
2024-07-29T09:11:41.227Z [error]: Cast to ObjectId failed for value "undefined" (type string) at path "_id" for model "Product"
2024-07-29T09:11:58.132Z [error]: Cast to ObjectId failed for value "undefined" (type string) at path "_id" for model "Product"
2024-07-29T09:12:34.106Z [error]: Cast to ObjectId failed for value "approved" (type string) at path "_id" for model "Product"
2024-07-29T09:12:34.119Z [error]: Cast to ObjectId failed for value "approved" (type string) at path "_id" for model "Product"
2024-07-29T09:20:50.909Z [error]: Cast to ObjectId failed for value "approved" (type string) at path "_id" for model "Product"
2024-07-29T09:20:50.973Z [error]: Cast to ObjectId failed for value "approved" (type string) at path "_id" for model "Product"
2024-07-29T09:20:54.097Z [error]: Cast to ObjectId failed for value "pending" (type string) at path "_id" for model "Product"
2024-07-29T09:20:54.113Z [error]: Cast to ObjectId failed for value "pending" (type string) at path "_id" for model "Product"
2024-07-29T09:20:59.166Z [error]: Cast to ObjectId failed for value "approved" (type string) at path "_id" for model "Product"
2024-07-29T09:20:59.180Z [error]: Cast to ObjectId failed for value "approved" (type string) at path "_id" for model "Product"
2024-07-29T09:21:02.527Z [error]: Cast to ObjectId failed for value "denied" (type string) at path "_id" for model "Product"
2024-07-29T09:21:02.537Z [error]: Cast to ObjectId failed for value "denied" (type string) at path "_id" for model "Product"
2024-07-29T09:24:22.713Z [error]: Cast to ObjectId failed for value "undefined" (type string) at path "_id" for model "Product"
2024-07-29T09:43:49.708Z [error]: Cast to ObjectId failed for value "undefined" (type string) at path "userId" for model "Product"
2024-07-29T09:43:49.776Z [error]: Cast to ObjectId failed for value "undefined" (type string) at path "userId" for model "Product"
2024-07-29T10:45:06.530Z [error]: E11000 duplicate key error collection: newbazaradmin.products index: sku_1 dup key: { sku: "D241B7fsdas" }
2024-07-29T10:45:22.304Z [error]: E11000 duplicate key error collection: newbazaradmin.products index: sku_1 dup key: { sku: "D241B7fsdas" }
2024-07-29T10:59:45.901Z [error]: Cast to ObjectId failed for value "undefined" (type string) at path "userId" for model "Product"
2024-07-29T10:59:46.011Z [error]: Cast to ObjectId failed for value "undefined" (type string) at path "userId" for model "Product"
2024-07-29T11:25:06.930Z [error]: E11000 duplicate key error collection: newbazaradmin.products index: sku_1 dup key: { sku: "D241B7fsda" }
2024-07-29T11:39:01.456Z [error]: E11000 duplicate key error collection: newbazaradmin.products index: sku_1 dup key: { sku: "D241B7fsdasdsd" }
2024-07-29T12:09:34.213Z [error]: E11000 duplicate key error collection: newbazaradmin.products index: sku_1 dup key: { sku: "D24sd1B7332kjh" }
2024-07-29T12:09:35.517Z [error]: E11000 duplicate key error collection: newbazaradmin.products index: sku_1 dup key: { sku: "D24sd1B7332kjh" }
2024-07-29T19:00:04.391Z [info]: Cache miss for key: flashDeals_{}_1_10
2024-07-29T19:00:05.037Z [info]: Cache set for key: flashDeals_{}_1_10
2024-07-29T19:04:16.350Z [info]: Cache hit for key: flashDeals_{}_1_10
2024-07-29T19:04:16.388Z [info]: Cache hit for key: flashDeals_{}_1_10
2024-07-29T19:04:43.507Z [info]: Cache hit for key: flashDeals_{}_1_10
2024-07-29T19:19:24.893Z [info]: Cache hit for key: flashDeals_{}_1_10
2024-07-29T19:23:31.810Z [info]: Cache hit for key: flashDeals_{}_1_10
2024-07-29T19:27:48.663Z [info]: Cache hit for key: flashDeals_{}_1_10
2024-07-29T19:31:34.196Z [error]: Validation error: Image is required
2024-07-29T19:39:54.827Z [info]: Cache hit for key: flashDeals_{}_1_10
2024-07-29T19:39:54.925Z [info]: Cache hit for key: flashDeals_{}_1_10
2024-07-29T19:40:14.600Z [info]: Cache hit for key: flashDeals_{}_1_10
2024-07-29T19:40:14.612Z [info]: Cache hit for key: flashDeals_{}_1_10
2024-07-29T19:41:10.332Z [info]: Cache hit for key: flashDeals_{}_1_10
2024-07-29T19:41:10.636Z [info]: Cache hit for key: flashDeals_{}_1_10
2024-07-29T19:41:52.173Z [info]: Cache hit for key: flashDeals_{}_1_10
2024-07-29T19:41:52.206Z [info]: Cache hit for key: flashDeals_{}_1_10
2024-07-29T19:45:13.772Z [info]: Cache hit for key: flashDeals_{}_1_10
2024-07-29T19:49:41.857Z [info]: Cache hit for key: flashDeals_{}_1_10
2024-07-29T19:49:42.470Z [info]: Cache hit for key: flashDeals_{}_1_10
2024-07-29T19:54:37.541Z [info]: Cache hit for key: flashDeals_{}_1_10
2024-07-29T19:54:37.638Z [info]: Cache hit for key: flashDeals_{}_1_10
2024-07-29T19:55:20.493Z [error]: Validation error: Image is required
2024-07-29T19:55:30.928Z [error]: Validation error: Image is required
2024-07-29T20:01:59.192Z [info]: Cache hit for key: flashDeals_{}_1_10
2024-07-29T20:01:59.262Z [info]: Cache hit for key: flashDeals_{}_1_10
2024-07-29T20:03:05.648Z [info]: Cache hit for key: flashDeals_{}_1_10
2024-07-29T20:03:05.664Z [info]: Cache hit for key: flashDeals_{}_1_10
2024-07-29T20:04:58.616Z [info]: Cache hit for key: flashDeals_{}_1_10
2024-07-29T20:06:31.340Z [info]: Cache hit for key: flashDeals_{}_1_10
2024-07-29T20:06:31.498Z [info]: Cache hit for key: flashDeals_{}_1_10
2024-07-29T20:06:53.705Z [error]: Cast to ObjectId failed for value "1" (type string) at path "_id" for model "FlashDeal"
2024-07-29T20:06:53.707Z [error]: Cast to ObjectId failed for value "1" (type string) at path "_id" for model "FlashDeal"
2024-07-29T20:07:43.220Z [info]: Cache hit for key: flashDeals_{}_1_10
2024-07-29T20:07:43.231Z [info]: Cache hit for key: flashDeals_{}_1_10
2024-07-29T20:08:39.969Z [info]: Cache hit for key: flashDeals_{}_1_10
2024-07-29T20:08:39.992Z [info]: Cache hit for key: flashDeals_{}_1_10
2024-07-29T20:09:27.453Z [info]: Cache hit for key: flashDeals_{}_1_10
2024-07-29T20:09:27.469Z [info]: Cache hit for key: flashDeals_{}_1_10
2024-07-29T20:09:45.882Z [info]: Cache hit for key: flashDeals_{}_1_10
2024-07-29T20:11:20.204Z [error]: Validation error: Image is required
2024-07-29T20:11:24.725Z [error]: Validation error: Image is required
2024-07-29T20:12:05.145Z [error]: Validation error: Image is required
2024-07-29T20:16:14.721Z [info]: Cache hit for key: flashDeals_{}_1_10
2024-07-29T20:16:49.857Z [error]: Validation error: Image is required
2024-07-29T20:24:09.655Z [info]: Cache hit for key: flashDeals_{}_1_10
2024-07-29T20:24:09.722Z [info]: Cache hit for key: flashDeals_{}_1_10
2024-07-29T20:24:34.837Z [error]: Validation error: Image is required
2024-07-29T20:24:48.975Z [error]: Validation error: Image is required
2024-07-29T20:26:32.254Z [info]: Cache hit for key: flashDeals_{}_1_10
2024-07-29T20:26:36.074Z [error]: Validation error: Image is required
2024-07-29T20:26:40.844Z [error]: Validation error: Image is required
2024-07-29T20:29:31.658Z [info]: Cache hit for key: flashDeals_{}_1_10
2024-07-29T20:29:31.682Z [info]: Cache hit for key: flashDeals_{}_1_10
2024-07-29T20:30:56.950Z [info]: Cache hit for key: flashDeals_{}_1_10
2024-07-29T20:30:57.025Z [info]: Cache hit for key: flashDeals_{}_1_10
2024-07-29T20:36:57.152Z [info]: Cache hit for key: flashDeals_{}_1_10
2024-07-29T20:41:57.252Z [info]: Cache hit for key: flashDeals_{}_1_10
2024-07-29T20:41:57.275Z [info]: Cache hit for key: flashDeals_{}_1_10
2024-07-29T20:41:57.282Z [info]: Cache hit for key: flashDeals_{}_1_10
2024-07-30T05:10:42.835Z [info]: Cache hit for key: flashDeals_{}_1_10
2024-07-30T05:10:42.912Z [info]: Cache hit for key: flashDeals_{}_1_10
2024-07-30T05:11:08.531Z [error]: Validation error: Image is required
2024-07-30T05:17:36.279Z [info]: Cache hit for key: flashDeals_{}_1_10
2024-07-30T05:17:39.217Z [error]: Validation error: Image is required
2024-07-30T05:19:49.367Z [error]: Validation error: Image is required
2024-07-30T05:20:45.141Z [info]: Cache deleted for key: flashDeals
2024-07-30T05:21:06.450Z [info]: Cache hit for key: flashDeals_{}_1_10
2024-07-30T05:21:06.461Z [info]: Cache hit for key: flashDeals_{}_1_10
2024-07-30T05:22:22.491Z [info]: Cache hit for key: flashDeals_{}_1_10
2024-07-30T05:22:42.036Z [info]: Cache hit for key: flashDeals_{}_1_10
2024-07-30T05:25:37.606Z [info]: Cache hit for key: flashDeals_{}_1_10
2024-07-30T05:25:37.627Z [info]: Cache hit
2024-07-30T05:34:00.524Z [info]: Cache hit for key: flashDeals_{}_1_10
2024-07-30T05:34:00.548Z [info]: Cache hit
2024-07-30T05:34:07.605Z [info]: Cache hit for key: flashDeals_{}_1_10
2024-07-30T05:34:07.606Z [info]: Cache hit
2024-07-30T05:34:23.408Z [info]: Cache hit for key: flashDeals_{}_1_10
2024-07-30T05:34:23.410Z [info]: Cache hit
2024-07-30T05:40:55.816Z [error]: Cache invalidation error: client is not defined
2024-07-30T05:50:05.576Z [error]: Cache invalidation error: client is not defined
2024-07-30T05:52:58.728Z [info]: Cache hit for key: flashDeals_{}_1_10
2024-07-30T05:52:58.744Z [info]: Cache hit
2024-07-30T05:53:07.430Z [info]: Cache hit for key: flashDeals_{}_1_10
2024-07-30T05:53:07.432Z [info]: Cache hit
2024-07-30T05:53:07.444Z [info]: Cache hit for key: flashDeals_{}_1_10
2024-07-30T05:53:07.446Z [info]: Cache hit
2024-07-30T05:53:39.457Z [error]: Cache invalidation error: invalidateCacheByPattern is not defined
2024-07-30T06:03:12.691Z [info]: Cache deleted for key: flashDeal_66997432ec95940cfb6ee967
2024-07-30T06:03:12.728Z [info]: Cache deleted for key: flashDeals
2024-07-30T06:03:28.020Z [info]: Cache deleted for key: flashDeal_66a880c9c1310033ed7797c7
2024-07-30T06:03:28.023Z [info]: Cache deleted for key: flashDeals
2024-07-30T06:03:32.750Z [info]: Cache deleted for key: flashDeal_66a880d7c1310033ed7797c9
2024-07-30T06:03:32.753Z [info]: Cache deleted for key: flashDeals
2024-07-30T06:36:30.683Z [info]: Cache miss for key: flashDeals_all
2024-07-30T06:36:31.622Z [info]: Cache set for key: flashDeals_all
2024-07-30T06:37:50.441Z [info]: Cache hit for key: flashDeals_all
2024-07-30T06:37:50.453Z [info]: Cache hit for key: flashDeals_all
2024-07-30T06:39:17.507Z [info]: Cache hit for key: flashDeals_all
2024-07-30T06:39:58.368Z [info]: Cache hit for key: flashDeals_all
2024-07-30T06:39:58.381Z [info]: Cache hit for key: flashDeals_all
2024-07-30T06:44:12.029Z [info]: Cache hit for key: flashDeals_all
2024-07-30T06:47:22.268Z [info]: Cache deleted for key: flashDeal_66a88c2df643abc8481ab1df
2024-07-30T06:47:22.276Z [info]: Cache deleted for key: flashDeals
2024-07-30T06:47:27.104Z [info]: Cache deleted for key: flashDeal_66a88babfa2ebe28fdd48994
2024-07-30T06:47:27.108Z [info]: Cache deleted for key: flashDeals
2024-07-30T17:15:49.363Z [info]: Cache miss for key: flashDeals
2024-07-30T17:15:50.089Z [info]: Cache set for key: flashDeals
2024-07-30T17:16:29.938Z [info]: Cache hit for key: flashDeals
2024-07-30T17:16:29.952Z [info]: Cache hit for key: flashDeals
2024-07-30T17:18:03.519Z [info]: Cache hit for key: flashDeals
2024-07-30T17:18:03.720Z [info]: Cache hit for key: flashDeals
2024-07-30T17:18:43.138Z [info]: Cache hit for key: flashDeals
2024-07-30T17:18:48.591Z [info]: Cache hit for key: flashDeals
2024-07-30T17:21:45.398Z [info]: Cache hit for key: flashDeals
2024-07-30T17:25:57.542Z [info]: Cache hit for key: flashDeals
2024-07-30T17:28:00.321Z [info]: Cache hit for key: flashDeals
2024-07-30T17:28:00.718Z [info]: Cache hit for key: flashDeals
2024-07-30T17:28:09.983Z [info]: Cache hit for key: flashDeals
2024-07-30T17:29:52.912Z [info]: Cache hit for key: flashDeals
2024-07-30T17:29:58.047Z [info]: Cache hit for key: flashDeals
2024-07-30T17:31:14.435Z [info]: Cache hit for key: flashDeals
2024-07-30T17:31:28.613Z [info]: Cache hit for key: flashDeals
2024-07-30T17:31:51.717Z [info]: Cache hit for key: flashDeals
2024-07-30T17:32:08.911Z [info]: Cache hit for key: flashDeals
2024-07-30T17:33:10.045Z [info]: Cache hit for key: flashDeals
2024-07-30T17:33:18.399Z [info]: Cache hit for key: flashDeals
2024-07-30T17:38:27.530Z [info]: Cache set for key: flashDeal_66a925121e8efd7d03df6dd5
2024-07-30T17:39:07.339Z [info]: Cache hit for key: flashDeals
2024-07-30T17:43:42.471Z [info]: Cache hit for key: flashDeals
2024-07-30T17:44:58.378Z [info]: Cache hit for key: flashDeals
2024-07-30T17:45:26.082Z [info]: Cache hit for key: flashDeals
2024-07-30T17:45:26.280Z [info]: Cache hit for key: flashDeals
2024-07-30T17:46:23.254Z [info]: Cache hit for key: flashDeals
2024-07-30T17:46:23.436Z [info]: Cache hit for key: flashDeals
2024-07-30T17:47:17.868Z [info]: Cache set for key: flashDeal_66a92725731b7a3bb5714c33
2024-07-30T17:47:28.333Z [info]: Cache hit for key: flashDeals
2024-07-30T17:47:28.940Z [info]: Cache hit for key: flashDeals
2024-07-30T17:47:59.482Z [error]: deleteCache is not defined
2024-07-30T17:49:08.379Z [error]: deleteCache is not defined
2024-07-30T17:50:44.645Z [info]: Cache hit for key: flashDeals
2024-07-30T17:54:15.430Z [info]: Cache miss for key: flashDeal_6698fe37deeefb3fdaa4fa29
2024-07-30T17:54:19.149Z [info]: Cache miss for key: flashDeal_6698fe37deeefb3fdaa4fa29
2024-07-30T17:54:34.915Z [info]: Cache hit for key: flashDeals
2024-07-30T17:54:56.791Z [info]: Cache miss for key: flashDeal_669974b4ec95940cfb6ee975
2024-07-30T17:54:56.949Z [info]: Cache set for key: flashDeal_669974b4ec95940cfb6ee975
2024-07-30T17:55:17.656Z [error]: deleteCache is not defined
2024-07-30T17:55:17.658Z [error]: deleteCache is not defined
2024-07-30T17:55:21.272Z [error]: deleteCache is not defined
2024-07-30T17:55:21.274Z [error]: deleteCache is not defined
2024-07-30T17:55:36.150Z [info]: Cache hit for key: flashDeal_669974b4ec95940cfb6ee975
2024-07-30T17:56:29.665Z [info]: Cache hit for key: flashDeals
2024-07-30T18:07:11.433Z [info]: Cache hit for key: flashDeals
2024-07-30T18:07:33.126Z [info]: Cache miss for key: flashDeal_6698fe37deeefb3fdaa4fa29
2024-07-30T18:07:45.184Z [info]: Cache hit for key: flashDeals
2024-07-30T18:07:59.019Z [info]: Cache hit for key: flashDeal_669974b4ec95940cfb6ee975
2024-07-30T18:08:56.012Z [info]: Cache deleted for key: flashDeal_669974b4ec95940cfb6ee975
2024-07-30T18:08:56.016Z [info]: Cache deleted for key: flashDeals
2024-07-30T18:09:06.641Z [info]: Cache miss for key: flashDeal_669974b4ec95940cfb6ee975
2024-07-30T18:09:24.425Z [info]: Cache miss for key: flashDeals
2024-07-30T18:09:24.766Z [info]: Cache set for key: flashDeals
2024-07-30T18:09:38.264Z [info]: Cache deleted for key: flashDeal_66a7f681c90cfface5c7cc7e
2024-07-30T18:09:38.266Z [info]: Cache deleted for key: flashDeals
2024-07-30T18:10:05.677Z [info]: Cache deleted for key: flashDeal_66a8919f3cd85550d7839a79
2024-07-30T18:10:05.681Z [info]: Cache deleted for key: flashDeals
2024-07-30T18:10:10.014Z [info]: Cache deleted for key: flashDeal_66a890b73cd85550d7839a4f
2024-07-30T18:10:10.019Z [info]: Cache deleted for key: flashDeals
2024-07-30T18:10:14.238Z [info]: Cache deleted for key: flashDeal_66a88ca0f643abc8481ab1fb
2024-07-30T18:10:14.241Z [info]: Cache deleted for key: flashDeals
2024-07-30T18:10:18.752Z [info]: Cache deleted for key: flashDeal_66a88b487a50133aeeb72caa
2024-07-30T18:10:18.756Z [info]: Cache deleted for key: flashDeals
2024-07-30T18:10:22.717Z [info]: Cache deleted for key: flashDeal_66a88b467a50133aeeb72ca8
2024-07-30T18:10:22.719Z [info]: Cache deleted for key: flashDeals
2024-07-30T18:10:26.976Z [info]: Cache deleted for key: flashDeal_66a88b427a50133aeeb72ca6
2024-07-30T18:10:26.979Z [info]: Cache deleted for key: flashDeals
2024-07-30T18:10:47.103Z [info]: Cache miss for key: flashDeals
2024-07-30T18:10:47.538Z [info]: Cache set for key: flashDeals
2024-07-30T18:10:47.554Z [info]: Cache hit for key: flashDeals
2024-07-30T18:12:55.506Z [info]: Cache deleted for key: flashDeal_66a7f6ebc90cfface5c7cc80
2024-07-30T18:12:55.508Z [info]: Cache deleted for key: flashDeals
2024-07-30T18:13:00.065Z [info]: Cache deleted for key: flashDeal_66a8782c1259c2bcc0f32bc7
2024-07-30T18:13:00.068Z [info]: Cache deleted for key: flashDeals
2024-07-30T18:13:13.066Z [info]: Cache deleted for key: flashDeal_66a87ce7bd6f769fe52bfe87
2024-07-30T18:13:13.072Z [info]: Cache deleted for key: flashDeals
2024-07-30T18:13:18.215Z [info]: Cache deleted for key: flashDeal_66a87f0daa126664bfe61480
2024-07-30T18:13:18.217Z [info]: Cache deleted for key: flashDeals
2024-07-30T18:13:38.156Z [info]: Cache deleted for key: flashDeal_66a88a597ab80827c8f17f30
2024-07-30T18:13:38.163Z [info]: Cache deleted for key: flashDeals
2024-07-30T18:13:42.988Z [info]: Cache deleted for key: flashDeal_66a88a647ab80827c8f17f32
2024-07-30T18:13:42.992Z [info]: Cache deleted for key: flashDeals
2024-07-30T18:13:47.551Z [info]: Cache deleted for key: flashDeal_66a88a707ab80827c8f17f34
2024-07-30T18:13:47.553Z [info]: Cache deleted for key: flashDeals
2024-07-30T18:14:00.345Z [info]: Cache miss for key: flashDeals
2024-07-30T18:14:00.420Z [info]: Cache set for key: flashDeals
2024-07-30T18:14:11.717Z [info]: Cache deleted for key: flashDeal_66a925121e8efd7d03df6dd5
2024-07-30T18:14:11.720Z [info]: Cache deleted for key: flashDeals
2024-07-30T18:14:59.680Z [info]: Cache set for key: flashDeal_66a92da3b39f57c1e242d090
2024-07-30T18:15:07.976Z [info]: Cache miss for key: flashDeals
2024-07-30T18:15:08.188Z [info]: Cache set for key: flashDeals
2024-07-30T18:15:08.510Z [info]: Cache hit for key: flashDeals
2024-07-30T18:15:24.692Z [info]: Cache hit for key: flashDeals
2024-07-30T18:15:35.439Z [info]: Cache hit for key: flashDeals
2024-07-30T18:16:54.012Z [info]: Cache miss for key: flashDeal_66a88aaa7ab80827c8f17f36
2024-07-30T18:16:54.094Z [info]: Cache set for key: flashDeal_66a88aaa7ab80827c8f17f36
2024-07-30T18:17:00.343Z [info]: Cache hit for key: flashDeal_66a88aaa7ab80827c8f17f36
2024-07-30T18:17:00.474Z [info]: Cache hit for key: flashDeal_66a88aaa7ab80827c8f17f36
2024-07-30T18:17:13.014Z [info]: Cache deleted for key: flashDeal_66a88aaa7ab80827c8f17f36
2024-07-30T18:17:13.016Z [info]: Cache deleted for key: flashDeals
2024-07-30T18:17:13.028Z [info]: Cache miss for key: flashDeal_66a88aaa7ab80827c8f17f36
2024-07-30T18:17:13.099Z [info]: Cache set for key: flashDeal_66a88aaa7ab80827c8f17f36
2024-07-30T18:17:30.523Z [info]: Cache hit for key: flashDeal_66a88aaa7ab80827c8f17f36
2024-07-30T18:17:37.160Z [info]: Cache miss for key: flashDeals
2024-07-30T18:17:37.376Z [info]: Cache set for key: flashDeals
2024-07-30T18:20:30.351Z [info]: Cache hit for key: flashDeal_66a88aaa7ab80827c8f17f36
2024-07-30T18:20:30.375Z [info]: Cache hit for key: flashDeal_66a88aaa7ab80827c8f17f36
2024-07-30T18:23:21.898Z [info]: Cache hit for key: flashDeal_66a88aaa7ab80827c8f17f36
2024-07-30T18:23:21.904Z [info]: Cache hit for key: flashDeal_66a88aaa7ab80827c8f17f36
2024-07-30T18:23:25.012Z [info]: Cache hit for key: flashDeal_66a88aaa7ab80827c8f17f36
2024-07-30T18:23:25.013Z [info]: Cache hit for key: flashDeal_66a88aaa7ab80827c8f17f36
2024-07-30T18:23:27.813Z [info]: Cache hit for key: flashDeal_66a88aaa7ab80827c8f17f36
2024-07-30T18:23:27.815Z [info]: Cache hit for key: flashDeal_66a88aaa7ab80827c8f17f36
2024-07-30T18:23:56.324Z [info]: Cache hit for key: flashDeal_66a88aaa7ab80827c8f17f36
2024-07-30T18:23:56.348Z [info]: Cache hit for key: flashDeal_66a88aaa7ab80827c8f17f36
2024-07-30T18:25:55.699Z [info]: Cache hit for key: flashDeal_66a88aaa7ab80827c8f17f36
2024-07-30T18:25:55.721Z [info]: Cache hit for key: flashDeal_66a88aaa7ab80827c8f17f36
2024-07-30T18:26:02.328Z [info]: Cache hit for key: flashDeal_66a88aaa7ab80827c8f17f36
2024-07-30T18:26:02.329Z [info]: Cache hit for key: flashDeal_66a88aaa7ab80827c8f17f36
2024-07-30T18:26:06.167Z [info]: Cache hit for key: flashDeal_66a88aaa7ab80827c8f17f36
2024-07-30T18:26:06.178Z [info]: Cache hit for key: flashDeal_66a88aaa7ab80827c8f17f36
2024-07-30T18:26:09.955Z [info]: Cache hit for key: flashDeal_66a88aaa7ab80827c8f17f36
2024-07-30T18:26:09.956Z [info]: Cache hit for key: flashDeal_66a88aaa7ab80827c8f17f36
2024-07-30T18:26:27.440Z [info]: Cache hit for key: flashDeal_66a88aaa7ab80827c8f17f36
2024-07-30T18:26:27.451Z [info]: Cache hit for key: flashDeal_66a88aaa7ab80827c8f17f36
2024-07-30T18:26:27.603Z [info]: Cache hit for key: flashDeal_66a88aaa7ab80827c8f17f36
2024-07-30T18:26:27.609Z [info]: Cache hit for key: flashDeal_66a88aaa7ab80827c8f17f36
2024-07-30T18:27:07.463Z [info]: Cache hit for key: flashDeal_66a88aaa7ab80827c8f17f36
2024-07-30T18:27:07.476Z [info]: Cache hit for key: flashDeal_66a88aaa7ab80827c8f17f36
2024-07-30T18:28:33.731Z [info]: Cache hit for key: flashDeal_66a88aaa7ab80827c8f17f36
2024-07-30T18:28:33.751Z [info]: Cache hit for key: flashDeal_66a88aaa7ab80827c8f17f36
2024-07-30T18:28:47.051Z [info]: Cache hit for key: flashDeal_66a88aaa7ab80827c8f17f36
2024-07-30T18:28:47.052Z [info]: Cache hit for key: flashDeal_66a88aaa7ab80827c8f17f36
2024-07-30T18:29:13.401Z [info]: Cache hit for key: flashDeal_66a88aaa7ab80827c8f17f36
2024-07-30T18:29:13.411Z [info]: Cache hit for key: flashDeal_66a88aaa7ab80827c8f17f36
2024-07-30T18:29:18.648Z [info]: Cache hit for key: flashDeal_66a88aaa7ab80827c8f17f36
2024-07-30T18:29:18.649Z [info]: Cache hit for key: flashDeal_66a88aaa7ab80827c8f17f36
2024-07-30T18:29:45.854Z [info]: Cache deleted for key: flashDeal_66a88aaa7ab80827c8f17f36
2024-07-30T18:29:45.860Z [info]: Cache deleted for key: flashDeals
2024-07-30T18:29:45.887Z [info]: Cache miss for key: flashDeal_66a88aaa7ab80827c8f17f36
2024-07-30T18:29:46.261Z [info]: Cache set for key: flashDeal_66a88aaa7ab80827c8f17f36
2024-07-30T18:29:46.262Z [info]: Cache set for key: flashDeal_66a88aaa7ab80827c8f17f36
2024-07-30T18:29:58.158Z [info]: Cache deleted for key: flashDeal_66a88aaa7ab80827c8f17f36
2024-07-30T18:29:58.160Z [info]: Cache deleted for key: flashDeals
2024-07-30T18:29:58.172Z [info]: Cache miss for key: flashDeal_66a88aaa7ab80827c8f17f36
2024-07-30T18:29:58.324Z [info]: Cache set for key: flashDeal_66a88aaa7ab80827c8f17f36
2024-07-30T18:29:58.326Z [info]: Cache set for key: flashDeal_66a88aaa7ab80827c8f17f36
2024-07-30T18:32:23.853Z [info]: Cache miss for key: flashDeals
2024-07-30T18:32:24.790Z [info]: Cache set for key: flashDeals
2024-07-30T18:32:24.802Z [info]: Cache hit for key: flashDeals
2024-07-30T18:32:37.564Z [info]: Cache deleted for key: flashDeal_66a92725731b7a3bb5714c33
2024-07-30T18:32:37.566Z [info]: Cache deleted for key: flashDeals
2024-07-30T18:32:51.336Z [info]: Cache miss for key: flashDeals
2024-07-30T18:32:51.485Z [info]: Cache set for key: flashDeals
2024-07-30T18:35:29.093Z [info]: Cache hit for key: flashDeal_66a88aaa7ab80827c8f17f36
2024-07-30T18:35:29.103Z [info]: Cache hit for key: flashDeal_66a88aaa7ab80827c8f17f36
2024-07-30T18:35:29.248Z [info]: Cache hit for key: flashDeal_66a88aaa7ab80827c8f17f36
2024-07-30T18:35:29.250Z [info]: Cache hit for key: flashDeal_66a88aaa7ab80827c8f17f36
2024-07-30T18:35:36.442Z [info]: Cache deleted for key: flashDeal_66a88aaa7ab80827c8f17f36
2024-07-30T18:35:36.447Z [info]: Cache deleted for key: flashDeals
2024-07-30T18:35:36.526Z [info]: Cache miss for key: flashDeal_66a88aaa7ab80827c8f17f36
2024-07-30T18:35:36.707Z [info]: Cache set for key: flashDeal_66a88aaa7ab80827c8f17f36
2024-07-30T18:35:36.708Z [info]: Cache set for key: flashDeal_66a88aaa7ab80827c8f17f36
2024-07-30T18:35:41.790Z [info]: Cache deleted for key: flashDeal_66a88aaa7ab80827c8f17f36
2024-07-30T18:35:41.792Z [info]: Cache deleted for key: flashDeals
2024-07-30T18:35:41.804Z [info]: Cache miss for key: flashDeal_66a88aaa7ab80827c8f17f36
2024-07-30T18:35:41.939Z [info]: Cache set for key: flashDeal_66a88aaa7ab80827c8f17f36
2024-07-30T18:35:41.941Z [info]: Cache set for key: flashDeal_66a88aaa7ab80827c8f17f36
2024-07-30T18:35:53.243Z [info]: Cache miss for key: flashDeals
2024-07-30T18:35:53.400Z [info]: Cache set for key: flashDeals
2024-07-30T18:35:53.613Z [info]: Cache hit for key: flashDeals
2024-07-30T18:35:59.926Z [info]: Cache hit for key: flashDeals
2024-07-30T18:36:02.313Z [info]: Cache hit for key: flashDeals
2024-07-30T18:36:11.783Z [info]: Cache hit for key: flashDeal_66a88aaa7ab80827c8f17f36
2024-07-30T18:36:11.784Z [info]: Cache hit for key: flashDeal_66a88aaa7ab80827c8f17f36
2024-07-30T18:36:14.991Z [info]: Cache hit for key: flashDeal_66a88aaa7ab80827c8f17f36
2024-07-30T18:36:14.992Z [info]: Cache hit for key: flashDeal_66a88aaa7ab80827c8f17f36
2024-07-30T18:39:58.022Z [info]: Cache miss for key: featureDeals
2024-07-30T18:39:58.311Z [info]: Cache set for key: featureDeals
2024-07-30T18:40:06.065Z [info]: Cache hit for key: featureDeals
2024-07-30T18:40:13.353Z [info]: Cache hit for key: featureDeals
2024-07-30T18:40:29.731Z [info]: Cache miss for key: featureDeal_669a5bb707d147520e3badfc
2024-07-30T18:40:29.897Z [info]: Cache set for key: featureDeal_669a5bb707d147520e3badfc
2024-07-30T18:40:29.899Z [info]: Cache set for key: featureDeal_669a5bb707d147520e3badfc
2024-07-30T18:41:45.175Z [info]: Cache hit for key: featureDeals
2024-07-30T18:41:45.191Z [info]: Cache hit for key: featureDeals
2024-07-30T18:41:50.923Z [info]: Cache deleted for key: featureDeal_669a5bb707d147520e3badfc
2024-07-30T18:41:50.926Z [info]: Cache deleted for key: featureDeals
2024-07-30T18:41:54.484Z [info]: Cache miss for key: featureDeal_669a5bb707d147520e3badfc
2024-07-30T18:41:54.643Z [info]: Cache set for key: featureDeal_669a5bb707d147520e3badfc
2024-07-30T18:41:54.645Z [info]: Cache set for key: featureDeal_669a5bb707d147520e3badfc
2024-07-30T18:41:54.665Z [info]: Cache hit for key: featureDeal_669a5bb707d147520e3badfc
2024-07-30T18:41:54.668Z [info]: Cache hit for key: featureDeal_669a5bb707d147520e3badfc
2024-07-30T18:42:21.982Z [info]: Cache hit for key: featureDeal_669a5bb707d147520e3badfc
2024-07-30T18:42:21.984Z [info]: Cache hit for key: featureDeal_669a5bb707d147520e3badfc
2024-07-30T18:42:22.298Z [info]: Cache hit for key: featureDeal_669a5bb707d147520e3badfc
2024-07-30T18:42:22.299Z [info]: Cache hit for key: featureDeal_669a5bb707d147520e3badfc
2024-07-30T18:42:45.904Z [info]: Cache hit for key: featureDeal_669a5bb707d147520e3badfc
2024-07-30T18:42:45.905Z [info]: Cache hit for key: featureDeal_669a5bb707d147520e3badfc
2024-07-30T18:42:46.382Z [info]: Cache hit for key: featureDeal_669a5bb707d147520e3badfc
2024-07-30T18:42:46.618Z [info]: Cache hit for key: featureDeal_669a5bb707d147520e3badfc
2024-07-30T18:42:57.102Z [info]: Cache hit for key: featureDeal_669a5bb707d147520e3badfc
2024-07-30T18:42:57.103Z [info]: Cache hit for key: featureDeal_669a5bb707d147520e3badfc
2024-07-30T18:43:06.047Z [info]: Cache hit for key: featureDeal_669a5bb707d147520e3badfc
2024-07-30T18:43:06.048Z [info]: Cache hit for key: featureDeal_669a5bb707d147520e3badfc
2024-07-30T18:43:11.940Z [info]: Cache hit for key: featureDeal_669a5bb707d147520e3badfc
2024-07-30T18:43:11.943Z [info]: Cache hit for key: featureDeal_669a5bb707d147520e3badfc
2024-07-30T18:43:15.793Z [info]: Cache hit for key: featureDeal_669a5bb707d147520e3badfc
2024-07-30T18:43:15.799Z [info]: Cache hit for key: featureDeal_669a5bb707d147520e3badfc
2024-07-30T18:43:27.621Z [info]: Cache hit for key: featureDeal_669a5bb707d147520e3badfc
2024-07-30T18:43:27.622Z [info]: Cache hit for key: featureDeal_669a5bb707d147520e3badfc
2024-07-30T18:43:27.854Z [info]: Cache hit for key: featureDeal_669a5bb707d147520e3badfc
2024-07-30T18:43:27.855Z [info]: Cache hit for key: featureDeal_669a5bb707d147520e3badfc
2024-07-30T18:43:54.735Z [info]: Cache deleted for key: featureDeal_669a5bb707d147520e3badfc
2024-07-30T18:43:54.739Z [info]: Cache deleted for key: featureDeals
2024-07-30T18:43:54.760Z [info]: Cache miss for key: featureDeal_669a5bb707d147520e3badfc
2024-07-30T18:43:54.958Z [info]: Cache set for key: featureDeal_669a5bb707d147520e3badfc
2024-07-30T18:43:54.959Z [info]: Cache set for key: featureDeal_669a5bb707d147520e3badfc
2024-07-30T18:46:38.104Z [info]: Cache hit for key: featureDeal_669a5bb707d147520e3badfc
2024-07-30T18:46:38.111Z [info]: Cache hit for key: featureDeal_669a5bb707d147520e3badfc
2024-07-30T18:46:43.866Z [info]: Cache hit for key: featureDeal_669a5bb707d147520e3badfc
2024-07-30T18:46:43.871Z [info]: Cache hit for key: featureDeal_669a5bb707d147520e3badfc
2024-07-30T18:46:57.488Z [info]: Cache hit for key: featureDeal_669a5bb707d147520e3badfc
2024-07-30T18:46:57.490Z [info]: Cache hit for key: featureDeal_669a5bb707d147520e3badfc
2024-07-30T18:46:57.522Z [info]: Cache hit for key: featureDeal_669a5bb707d147520e3badfc
2024-07-30T18:46:57.533Z [info]: Cache hit for key: featureDeal_669a5bb707d147520e3badfc
2024-07-30T18:47:19.659Z [info]: Cache miss for key: featureDeals
2024-07-30T18:47:20.740Z [info]: Cache set for key: featureDeals
2024-07-30T18:47:29.433Z [info]: Cache hit for key: featureDeal_669a5bb707d147520e3badfc
2024-07-30T18:47:29.435Z [info]: Cache hit for key: featureDeal_669a5bb707d147520e3badfc
2024-07-30T18:48:27.427Z [info]: Cache hit for key: featureDeal_669a5bb707d147520e3badfc
2024-07-30T18:48:27.434Z [info]: Cache hit for key: featureDeal_669a5bb707d147520e3badfc
2024-07-30T18:48:30.576Z [info]: Cache hit for key: featureDeals
2024-07-30T18:48:30.596Z [info]: Cache hit for key: featureDeals
2024-07-30T18:48:54.819Z [info]: Cache hit for key: featureDeals
2024-07-30T18:51:13.361Z [info]: Cache hit for key: featureDeals
2024-07-30T18:52:25.688Z [info]: Cache hit for key: featureDeal_669a5bb707d147520e3badfc
2024-07-30T18:52:25.736Z [info]: Cache hit for key: featureDeal_669a5bb707d147520e3badfc
2024-07-30T18:52:25.913Z [info]: Cache hit for key: featureDeal_669a5bb707d147520e3badfc
2024-07-30T18:52:25.936Z [info]: Cache hit for key: featureDeal_669a5bb707d147520e3badfc
2024-07-30T18:52:29.379Z [info]: Cache deleted for key: featureDeal_669a5bb707d147520e3badfc
2024-07-30T18:52:29.382Z [info]: Cache deleted for key: featureDeals
2024-07-30T18:52:29.412Z [info]: Cache miss for key: featureDeal_669a5bb707d147520e3badfc
2024-07-30T18:52:29.611Z [info]: Cache set for key: featureDeal_669a5bb707d147520e3badfc
2024-07-30T18:52:29.613Z [info]: Cache set for key: featureDeal_669a5bb707d147520e3badfc
2024-07-30T18:52:33.187Z [info]: Cache miss for key: featureDeals
2024-07-30T18:52:33.406Z [info]: Cache set for key: featureDeals
2024-07-30T18:52:33.424Z [info]: Cache hit for key: featureDeals
2024-07-30T18:52:36.968Z [info]: Cache deleted for key: featureDeal_669a665ef01ec595eb7912d4
2024-07-30T18:52:36.970Z [info]: Cache deleted for key: featureDeals
2024-07-30T18:54:47.783Z [info]: Cache miss for key: featureDeals
2024-07-30T18:54:48.139Z [info]: Cache set for key: featureDeals
2024-07-30T18:55:06.326Z [info]: Cache hit for key: featureDeals
2024-07-30T18:55:24.207Z [info]: Cache hit for key: featureDeals
2024-07-30T18:56:08.162Z [info]: Cache hit for key: featureDeals
2024-07-30T18:56:15.341Z [info]: Cache hit for key: featureDeals
2024-07-30T18:56:30.420Z [info]: Cache hit for key: featureDeals
2024-07-30T18:57:02.228Z [info]: Cache hit for key: featureDeals
2024-07-30T18:57:24.589Z [info]: Cache hit for key: featureDeals
2024-07-30T18:58:37.790Z [info]: Cache hit for key: featureDeals
2024-07-30T19:00:31.557Z [info]: Cache hit for key: featureDeals
2024-07-30T19:00:46.826Z [info]: Cache hit for key: featureDeals
2024-07-30T19:01:03.534Z [info]: Cache hit for key: featureDeals
2024-07-30T19:02:54.966Z [info]: Cache hit for key: featureDeals
2024-07-30T19:02:55.049Z [info]: Cache hit for key: featureDeals
2024-07-30T19:03:00.653Z [info]: Cache hit for key: featureDeals
2024-07-30T19:03:00.684Z [info]: Cache hit for key: featureDeals
2024-07-30T19:03:00.749Z [info]: Cache hit for key: featureDeals
2024-07-30T19:03:01.869Z [info]: Cache hit for key: featureDeals
2024-07-30T19:03:02.239Z [info]: Cache hit for key: featureDeals
2024-07-30T19:03:02.820Z [info]: Cache hit for key: featureDeals
2024-07-30T19:03:03.382Z [info]: Cache hit for key: featureDeals
2024-07-30T19:03:03.644Z [info]: Cache hit for key: featureDeals
2024-07-30T19:03:03.949Z [info]: Cache hit for key: featureDeals
2024-07-30T19:03:04.816Z [info]: Cache hit for key: featureDeals
2024-07-30T19:08:00.584Z [info]: Cache hit for key: featureDeals
2024-07-30T19:08:00.662Z [info]: Cache hit for key: featureDeals
2024-07-30T19:08:00.685Z [info]: Cache hit for key: featureDeals
2024-07-30T19:08:04.132Z [info]: Cache hit for key: featureDeals
2024-07-30T19:08:04.227Z [info]: Cache hit for key: featureDeals
2024-07-30T19:08:04.954Z [info]: Cache hit for key: featureDeals
2024-07-30T19:08:06.052Z [info]: Cache hit for key: featureDeals
2024-07-30T19:08:06.091Z [info]: Cache hit for key: featureDeals
2024-07-30T19:08:07.310Z [info]: Cache hit for key: featureDeals
2024-07-30T19:08:07.663Z [info]: Cache hit for key: featureDeals
2024-07-30T19:08:08.259Z [info]: Cache hit for key: featureDeals
2024-07-30T19:08:08.968Z [info]: Cache hit for key: featureDeals
2024-07-30T19:08:09.347Z [info]: Cache hit for key: featureDeals
2024-07-30T19:08:10.324Z [info]: Cache hit for key: featureDeals
2024-07-30T19:08:10.649Z [info]: Cache hit for key: featureDeals
2024-07-30T19:08:11.268Z [info]: Cache hit for key: featureDeals
2024-07-30T19:08:11.507Z [info]: Cache hit for key: featureDeals
2024-07-30T19:08:12.360Z [info]: Cache hit for key: featureDeals
2024-07-30T19:08:12.603Z [info]: Cache hit for key: featureDeals
2024-07-30T19:08:13.009Z [info]: Cache hit for key: featureDeals
2024-07-30T19:08:13.126Z [info]: Cache hit for key: featureDeals
2024-07-30T19:08:13.636Z [info]: Cache hit for key: featureDeals
2024-07-30T19:08:13.831Z [info]: Cache hit for key: featureDeals
2024-07-30T19:08:14.088Z [info]: Cache hit for key: featureDeals
2024-07-30T19:08:14.213Z [info]: Cache hit for key: featureDeals
2024-07-30T19:08:14.444Z [info]: Cache hit for key: featureDeals
2024-07-30T19:08:14.674Z [info]: Cache hit for key: featureDeals
2024-07-30T19:08:15.381Z [info]: Cache hit for key: featureDeals
2024-07-30T19:08:15.628Z [info]: Cache hit for key: featureDeals
2024-07-30T19:09:28.481Z [info]: Cache hit for key: featureDeals
2024-07-30T19:09:38.899Z [info]: Cache hit for key: featureDeals
2024-07-30T19:09:44.039Z [info]: Cache hit for key: featureDeals
2024-07-30T19:09:48.801Z [info]: Cache hit for key: featureDeals
2024-07-30T19:09:51.629Z [info]: Cache hit for key: featureDeals
2024-07-30T19:14:12.031Z [info]: Cache hit for key: featureDeals
2024-07-30T19:14:12.128Z [info]: Cache hit for key: featureDeals
2024-07-30T19:18:54.628Z [info]: Cache hit for key: featureDeals
2024-07-30T19:18:54.698Z [info]: Cache hit for key: featureDeals
2024-07-30T19:20:11.439Z [info]: Cache hit for key: featureDeals
2024-07-30T19:33:16.715Z [info]: Cache hit for key: featureDeals
2024-07-30T19:33:16.831Z [info]: Cache hit for key: featureDeals
2024-07-30T19:34:07.820Z [info]: Cache hit for key: featureDeals
2024-07-30T19:36:26.776Z [info]: Cache hit for key: featureDeals
2024-07-30T19:40:54.405Z [info]: Cache hit for key: featureDeals
2024-07-30T19:43:41.320Z [info]: Cache hit for key: featureDeals
2024-07-30T19:47:49.947Z [info]: Cache hit for key: featureDeals
2024-07-30T19:48:05.841Z [info]: Cache hit for key: featureDeals
2024-07-30T19:48:05.870Z [info]: Cache hit for key: featureDeals
2024-07-30T19:48:47.104Z [info]: Cache hit for key: featureDeals
2024-07-30T19:48:47.117Z [info]: Cache hit for key: featureDeals
2024-07-30T19:51:03.193Z [info]: Cache hit for key: featureDeals
2024-07-30T19:51:32.105Z [info]: Cache hit for key: featureDeals
2024-07-30T19:51:49.604Z [info]: Cache hit for key: featureDeals
2024-07-30T19:51:49.619Z [info]: Cache hit for key: featureDeals
2024-07-30T19:53:21.409Z [info]: Cache hit for key: featureDeals
2024-07-30T19:53:47.360Z [info]: Cache hit for key: featureDeals
2024-07-30T19:54:05.456Z [info]: Cache hit for key: featureDeals
2024-07-30T19:54:18.995Z [info]: Cache hit for key: featureDeals
2024-07-30T19:57:26.999Z [info]: Cache hit for key: featureDeals
2024-07-30T19:57:41.320Z [info]: Cache hit for key: featureDeals
2024-07-30T19:57:41.333Z [info]: Cache hit for key: featureDeals
2024-07-30T19:58:07.959Z [info]: Cache hit for key: flashDeals
2024-07-30T19:58:07.975Z [info]: Cache hit for key: flashDeals
2024-07-30T19:58:09.045Z [info]: Cache hit for key: featureDeals
2024-07-30T19:58:09.056Z [info]: Cache hit for key: featureDeals
2024-07-30T19:58:12.833Z [info]: Cache hit for key: flashDeals
2024-07-30T19:58:12.840Z [info]: Cache hit for key: flashDeals
2024-07-30T19:58:23.895Z [info]: Cache hit for key: featureDeals
2024-07-30T19:58:23.911Z [info]: Cache hit for key: featureDeals
2024-07-30T19:58:39.666Z [info]: Cache set for key: featureDeal_66a945ef6e97fd8f2c2c7773
2024-07-30T19:59:41.077Z [info]: Cache hit for key: featureDeals
2024-07-30T19:59:42.235Z [info]: Cache hit for key: featureDeals
2024-07-30T19:59:56.425Z [info]: Cache set for key: featureDeal_66a9463c6e97fd8f2c2c7775
2024-07-30T19:59:56.438Z [info]: Cache hit for key: featureDeals
2024-07-30T20:00:13.761Z [info]: Cache hit for key: featureDeals
2024-07-30T20:00:13.790Z [info]: Cache hit for key: featureDeals
2024-07-30T20:00:30.679Z [info]: Cache hit for key: featureDeals
2024-07-30T20:01:06.428Z [info]: Cache hit for key: featureDeals
2024-07-30T20:03:50.016Z [info]: Cache hit for key: featureDeals
2024-07-30T20:07:49.232Z [info]: Cache hit for key: featureDeals
2024-07-30T20:07:57.309Z [info]: Cache hit for key: featureDeals
2024-07-30T20:10:04.290Z [info]: Cache hit for key: featureDeals
2024-07-30T20:10:08.438Z [info]: Cache hit for key: featureDeals
2024-07-30T20:10:12.049Z [info]: Cache hit for key: featureDeals
2024-07-30T20:11:45.088Z [info]: Cache hit for key: featureDeals
2024-07-30T20:11:52.756Z [info]: Cache hit for key: featureDeals
2024-07-30T20:12:02.859Z [info]: Cache hit for key: featureDeals
2024-07-30T20:16:40.462Z [info]: Cache hit for key: featureDeals
2024-07-30T20:16:58.422Z [info]: Cache set for key: featureDeal_66a94a3aaf9312d7652f91f6
2024-07-30T20:16:58.425Z [info]: Cache deleted for key: featureDeals
2024-07-30T20:16:58.458Z [info]: Cache miss for key: featureDeals
2024-07-30T20:16:58.939Z [info]: Cache set for key: featureDeals
2024-07-30T20:17:06.560Z [info]: Cache hit for key: featureDeals
2024-07-30T20:19:07.777Z [info]: Cache deleted for key: featureDeal_66a9463c6e97fd8f2c2c7775
2024-07-30T20:19:08.004Z [info]: Cache deleted for key: featureDeals
2024-07-30T20:19:08.815Z [info]: Cache deleted for key: featureDeal_66a94a3aaf9312d7652f91f6
2024-07-30T20:19:08.829Z [info]: Cache deleted for key: featureDeals
2024-07-30T20:19:13.608Z [info]: Cache hit for key: featureDeal_669a5bb707d147520e3badfc
2024-07-30T20:19:13.611Z [info]: Cache hit for key: featureDeal_669a5bb707d147520e3badfc
2024-07-30T20:19:13.637Z [info]: Cache hit for key: featureDeal_669a5bb707d147520e3badfc
2024-07-30T20:19:13.650Z [info]: Cache hit for key: featureDeal_669a5bb707d147520e3badfc
2024-07-30T20:19:19.968Z [info]: Cache deleted for key: featureDeal_669a5bb707d147520e3badfc
2024-07-30T20:19:19.971Z [info]: Cache deleted for key: featureDeals
2024-07-30T20:19:19.980Z [info]: Cache miss for key: featureDeal_669a5bb707d147520e3badfc
2024-07-30T20:19:20.284Z [info]: Cache set for key: featureDeal_669a5bb707d147520e3badfc
2024-07-30T20:19:20.285Z [info]: Cache set for key: featureDeal_669a5bb707d147520e3badfc
2024-07-30T20:19:28.576Z [info]: Cache deleted for key: featureDeal_669a5bb707d147520e3badfc
2024-07-30T20:19:28.579Z [info]: Cache deleted for key: featureDeals
2024-07-30T20:19:28.587Z [info]: Cache miss for key: featureDeal_669a5bb707d147520e3badfc
2024-07-30T20:19:28.919Z [info]: Cache set for key: featureDeal_669a5bb707d147520e3badfc
2024-07-30T20:19:28.923Z [info]: Cache set for key: featureDeal_669a5bb707d147520e3badfc
2024-07-30T20:20:22.893Z [info]: Cache miss for key: featureDeals
2024-07-30T20:20:23.117Z [info]: Cache set for key: featureDeals
2024-07-30T20:20:27.333Z [info]: Cache hit for key: featureDeals
2024-07-31T10:19:26.863Z [error]: getaddrinfo ENOTFOUND ac-iqgq5gy-shard-00-00.zrvhibc.mongodb.net
2024-07-31T10:19:56.692Z [error]: getaddrinfo ENOTFOUND ac-iqgq5gy-shard-00-00.zrvhibc.mongodb.net
2024-07-31T11:50:30.209Z [error]: docs is not defined
